[debug] [2023-03-26T05:45:51.506Z] ----------------------------------------------------------------------
[debug] [2023-03-26T05:45:51.508Z] Command:       C:\Program Files\nodejs\node.exe C:\Users\hjlee\AppData\Roaming\npm\node_modules\firebase-tools\lib\bin\firebase.js init
[debug] [2023-03-26T05:45:51.508Z] CLI Version:   11.25.1
[debug] [2023-03-26T05:45:51.508Z] Platform:      win32
[debug] [2023-03-26T05:45:51.509Z] Node Version:  v19.8.1
[debug] [2023-03-26T05:45:51.509Z] Time:          Sun Mar 26 2023 14:45:51 GMT+0900 (대한민국 표준시)
[debug] [2023-03-26T05:45:51.509Z] ----------------------------------------------------------------------
[debug] 
[debug] [2023-03-26T05:45:51.511Z] >>> [apiv2][query] GET https://firebase-public.firebaseio.com/cli.json [none]
[debug] [2023-03-26T05:45:51.544Z] > command requires scopes: ["email","openid","https://www.googleapis.com/auth/cloudplatformprojects.readonly","https://www.googleapis.com/auth/firebase","https://www.googleapis.com/auth/cloud-platform"]
[debug] [2023-03-26T05:45:51.544Z] > authorizing via signed-in user (dlghdwo5153@gmail.com)
[info] 
     ######## #### ########  ######## ########     ###     ######  ########
     ##        ##  ##     ## ##       ##     ##  ##   ##  ##       ##
     ######    ##  ########  ######   ########  #########  ######  ######
     ##        ##  ##    ##  ##       ##     ## ##     ##       ## ##
     ##       #### ##     ## ######## ########  ##     ##  ######  ########

You're about to initialize a Firebase project in this directory:

  C:\Users\hjlee\PycharmProjects\real

[debug] [2023-03-26T05:45:51.926Z] <<< [apiv2][status] GET https://firebase-public.firebaseio.com/cli.json 200
[debug] [2023-03-26T05:45:51.926Z] <<< [apiv2][body] GET https://firebase-public.firebaseio.com/cli.json {"cloudBuildErrorAfter":1594252800000,"cloudBuildWarnAfter":1590019200000,"defaultNode10After":1594252800000,"minVersion":"3.0.5","node8DeploysDisabledAfter":1613390400000,"node8RuntimeDisabledAfter":1615809600000,"node8WarnAfter":1600128000000}
[info] 
=== Project Setup
[info] 
[info] First, let's associate this project directory with a Firebase project.
[info] You can create multiple project aliases by running firebase use --add, 
[info] but for now we'll just set up a default project.
[info] 
[debug] [2023-03-26T05:46:28.119Z] > refreshing access token with scopes: []
[debug] [2023-03-26T05:46:28.120Z] >>> [apiv2][query] POST https://www.googleapis.com/oauth2/v3/token [none]
[debug] [2023-03-26T05:46:28.120Z] >>> [apiv2][body] POST https://www.googleapis.com/oauth2/v3/token [omitted]
[debug] [2023-03-26T05:46:28.408Z] <<< [apiv2][status] POST https://www.googleapis.com/oauth2/v3/token 200
[debug] [2023-03-26T05:46:28.408Z] <<< [apiv2][body] POST https://www.googleapis.com/oauth2/v3/token [omitted]
[debug] [2023-03-26T05:46:28.413Z] >>> [apiv2][query] GET https://firebase.googleapis.com/v1beta1/projects pageSize=100
[debug] [2023-03-26T05:46:29.234Z] <<< [apiv2][status] GET https://firebase.googleapis.com/v1beta1/projects 200
[debug] [2023-03-26T05:46:29.234Z] <<< [apiv2][body] GET https://firebase.googleapis.com/v1beta1/projects [omitted]
[info] i  Using project wepdo-7bed1 (wepdo) 
[info] 
=== Database Setup
[info] i  database: ensuring required API firebasedatabase.googleapis.com is enabled... 
[debug] [2023-03-26T05:46:33.090Z] >>> [apiv2][query] GET https://serviceusage.googleapis.com/v1/projects/wepdo-7bed1/services/firebasedatabase.googleapis.com [none]
[debug] [2023-03-26T05:46:33.090Z] >>> [apiv2][(partial)header] GET https://serviceusage.googleapis.com/v1/projects/wepdo-7bed1/services/firebasedatabase.googleapis.com x-goog-quota-user=projects/wepdo-7bed1
[debug] [2023-03-26T05:46:34.285Z] <<< [apiv2][status] GET https://serviceusage.googleapis.com/v1/projects/wepdo-7bed1/services/firebasedatabase.googleapis.com 200
[debug] [2023-03-26T05:46:34.285Z] <<< [apiv2][body] GET https://serviceusage.googleapis.com/v1/projects/wepdo-7bed1/services/firebasedatabase.googleapis.com [omitted]
[info] +  database: required API firebasedatabase.googleapis.com is enabled 
[info] 
[debug] [2023-03-26T05:46:34.286Z] >>> [apiv2][query] GET https://firebasedatabase.googleapis.com/v1beta/projects/wepdo-7bed1/locations/-/instances/wepdo-7bed1-default-rtdb [none]
[debug] [2023-03-26T05:46:34.777Z] <<< [apiv2][status] GET https://firebasedatabase.googleapis.com/v1beta/projects/wepdo-7bed1/locations/-/instances/wepdo-7bed1-default-rtdb 200
[debug] [2023-03-26T05:46:34.778Z] <<< [apiv2][body] GET https://firebasedatabase.googleapis.com/v1beta/projects/wepdo-7bed1/locations/-/instances/wepdo-7bed1-default-rtdb {"name":"projects/204948006692/locations/us-central1/instances/wepdo-7bed1-default-rtdb","project":"projects/204948006692","databaseUrl":"https://wepdo-7bed1-default-rtdb.firebaseio.com","type":"DEFAULT_DATABASE","state":"ACTIVE"}
[info] 
[info] Firebase Realtime Database Security Rules allow you to define how your data should be
[info] structured and when your data can be read from and written to.
[info] 
[debug] [2023-03-26T05:46:47.831Z] >>> [apiv2][query] GET https://wepdo-7bed1-default-rtdb.firebaseio.com/.settings/rules.json [none]
[debug] [2023-03-26T05:46:48.275Z] <<< [apiv2][status] GET https://wepdo-7bed1-default-rtdb.firebaseio.com/.settings/rules.json 200
[debug] [2023-03-26T05:46:48.275Z] <<< [apiv2][body] GET https://wepdo-7bed1-default-rtdb.firebaseio.com/.settings/rules.json [stream]
[info] +  Database Rules for wepdo-7bed1-default-rtdb have been written to y. 
[info] Future modifications to y will update Realtime Database Security Rules when you run
[info] firebase deploy.
[info] 
=== Firestore Setup
[debug] [2023-03-26T05:46:48.277Z] >>> [apiv2][query] GET https://serviceusage.googleapis.com/v1/projects/wepdo-7bed1/services/firestore.googleapis.com [none]
[debug] [2023-03-26T05:46:48.277Z] >>> [apiv2][(partial)header] GET https://serviceusage.googleapis.com/v1/projects/wepdo-7bed1/services/firestore.googleapis.com x-goog-quota-user=projects/wepdo-7bed1
[debug] [2023-03-26T05:46:49.406Z] <<< [apiv2][status] GET https://serviceusage.googleapis.com/v1/projects/wepdo-7bed1/services/firestore.googleapis.com 200
[debug] [2023-03-26T05:46:49.406Z] <<< [apiv2][body] GET https://serviceusage.googleapis.com/v1/projects/wepdo-7bed1/services/firestore.googleapis.com [omitted]
[debug] [2023-03-26T05:46:49.406Z] >>> [apiv2][query] GET https://firestore.googleapis.com/v1/projects/wepdo-7bed1/databases/(default) [none]
[debug] [2023-03-26T05:46:49.550Z] <<< [apiv2][status] GET https://firestore.googleapis.com/v1/projects/wepdo-7bed1/databases/(default) 200
[debug] [2023-03-26T05:46:49.551Z] <<< [apiv2][body] GET https://firestore.googleapis.com/v1/projects/wepdo-7bed1/databases/(default) {"name":"projects/wepdo-7bed1/databases/(default)","uid":"2d24561e-b9c3-4188-abaf-638fd08737fd","createTime":"2023-03-11T09:59:03.840218Z","updateTime":"2023-03-11T09:59:03.840218Z","locationId":"asia-northeast3","type":"FIRESTORE_NATIVE","concurrencyMode":"PESSIMISTIC","appEngineIntegrationMode":"DISABLED","keyPrefix":"v","deleteProtectionState":"DELETE_PROTECTION_DISABLED","etag":"IPe2vrjy+P0CMIfxheXR0/0C"}
[debug] [2023-03-26T05:46:49.551Z] database_type: FIRESTORE_NATIVE
[debug] [2023-03-26T05:46:49.551Z] > command requires scopes: ["email","openid","https://www.googleapis.com/auth/cloudplatformprojects.readonly","https://www.googleapis.com/auth/firebase","https://www.googleapis.com/auth/cloud-platform"]
[debug] [2023-03-26T05:46:49.551Z] > authorizing via signed-in user (dlghdwo5153@gmail.com)
[debug] [2023-03-26T05:46:49.551Z] [iam] checking project wepdo-7bed1 for permissions ["firebase.projects.get"]
[debug] [2023-03-26T05:46:49.551Z] >>> [apiv2][query] POST https://cloudresourcemanager.googleapis.com/v1/projects/wepdo-7bed1:testIamPermissions [none]
[debug] [2023-03-26T05:46:49.551Z] >>> [apiv2][(partial)header] POST https://cloudresourcemanager.googleapis.com/v1/projects/wepdo-7bed1:testIamPermissions x-goog-quota-user=projects/wepdo-7bed1
[debug] [2023-03-26T05:46:49.551Z] >>> [apiv2][body] POST https://cloudresourcemanager.googleapis.com/v1/projects/wepdo-7bed1:testIamPermissions {"permissions":["firebase.projects.get"]}
[debug] [2023-03-26T05:46:49.977Z] <<< [apiv2][status] POST https://cloudresourcemanager.googleapis.com/v1/projects/wepdo-7bed1:testIamPermissions 200
[debug] [2023-03-26T05:46:49.977Z] <<< [apiv2][body] POST https://cloudresourcemanager.googleapis.com/v1/projects/wepdo-7bed1:testIamPermissions {"permissions":["firebase.projects.get"]}
[info] 
[info] Firestore Security Rules allow you to define how and when to allow
[info] requests. You can keep these rules in your project directory
[info] and publish them with firebase deploy.
[info] 
[debug] [2023-03-26T05:47:07.643Z] >>> [apiv2][query] GET https://firebaserules.googleapis.com/v1/projects/wepdo-7bed1/releases pageSize=10&pageToken=
[debug] [2023-03-26T05:47:09.043Z] <<< [apiv2][status] GET https://firebaserules.googleapis.com/v1/projects/wepdo-7bed1/releases 200
[debug] [2023-03-26T05:47:09.043Z] <<< [apiv2][body] GET https://firebaserules.googleapis.com/v1/projects/wepdo-7bed1/releases {"releases":[{"name":"projects/wepdo-7bed1/releases/cloud.firestore","rulesetName":"projects/wepdo-7bed1/rulesets/5444745f-1da0-41d4-93f4-48192cd4b78d","createTime":"2023-03-11T09:59:12.002654Z","updateTime":"2023-03-11T10:18:15.578249Z"},{"name":"projects/wepdo-7bed1/releases/firebase.storage/wepdo-7bed1.appspot.com","rulesetName":"projects/wepdo-7bed1/rulesets/1fa546fa-eb4f-4b2b-875a-73dbaf717290","createTime":"2023-03-11T09:59:56.586858Z","updateTime":"2023-03-23T08:03:07.541716Z"}]}
[debug] [2023-03-26T05:47:09.044Z] Found ruleset: projects/wepdo-7bed1/rulesets/5444745f-1da0-41d4-93f4-48192cd4b78d
[debug] [2023-03-26T05:47:09.044Z] >>> [apiv2][query] GET https://firebaserules.googleapis.com/v1/projects/wepdo-7bed1/rulesets/5444745f-1da0-41d4-93f4-48192cd4b78d [none]
[debug] [2023-03-26T05:47:10.140Z] <<< [apiv2][status] GET https://firebaserules.googleapis.com/v1/projects/wepdo-7bed1/rulesets/5444745f-1da0-41d4-93f4-48192cd4b78d 200
[debug] [2023-03-26T05:47:10.141Z] <<< [apiv2][body] GET https://firebaserules.googleapis.com/v1/projects/wepdo-7bed1/rulesets/5444745f-1da0-41d4-93f4-48192cd4b78d [omitted]
[info] 
[info] Firestore indexes allow you to perform complex queries while
[info] maintaining performance that scales with the size of the result
[info] set. You can keep index definitions in your project directory
[info] and publish them with firebase deploy.
[info] 
[debug] [2023-03-26T05:47:15.292Z] >>> [apiv2][query] GET https://firestore.googleapis.com/v1/projects/wepdo-7bed1/databases/(default)/collectionGroups/-/indexes [none]
[debug] [2023-03-26T05:47:15.294Z] >>> [apiv2][query] GET https://firestore.googleapis.com/v1/projects/wepdo-7bed1/databases/(default)/collectionGroups/-/fields?filter=indexConfig.usesAncestorConfig=false OR ttlConfig:* [none]
[debug] [2023-03-26T05:47:15.430Z] <<< [apiv2][status] GET https://firestore.googleapis.com/v1/projects/wepdo-7bed1/databases/(default)/collectionGroups/-/fields?filter=indexConfig.usesAncestorConfig=false OR ttlConfig:* 200
[debug] [2023-03-26T05:47:15.431Z] <<< [apiv2][body] GET https://firestore.googleapis.com/v1/projects/wepdo-7bed1/databases/(default)/collectionGroups/-/fields?filter=indexConfig.usesAncestorConfig=false OR ttlConfig:* {"fields":[{"name":"projects/wepdo-7bed1/databases/(default)/collectionGroups/__default__/fields/*","indexConfig":{"indexes":[{"queryScope":"COLLECTION","fields":[{"fieldPath":"*","order":"ASCENDING"}],"state":"READY"},{"queryScope":"COLLECTION","fields":[{"fieldPath":"*","order":"DESCENDING"}],"state":"READY"},{"queryScope":"COLLECTION","fields":[{"fieldPath":"*","arrayConfig":"CONTAINS"}],"state":"READY"}]}}]}
[debug] [2023-03-26T05:47:15.451Z] <<< [apiv2][status] GET https://firestore.googleapis.com/v1/projects/wepdo-7bed1/databases/(default)/collectionGroups/-/indexes 200
[debug] [2023-03-26T05:47:15.451Z] <<< [apiv2][body] GET https://firestore.googleapis.com/v1/projects/wepdo-7bed1/databases/(default)/collectionGroups/-/indexes {}
[info] 
=== Functions Setup
[debug] [2023-03-26T05:47:15.452Z] > command requires scopes: ["email","openid","https://www.googleapis.com/auth/cloudplatformprojects.readonly","https://www.googleapis.com/auth/firebase","https://www.googleapis.com/auth/cloud-platform"]
[debug] [2023-03-26T05:47:15.453Z] > authorizing via signed-in user (dlghdwo5153@gmail.com)
[debug] [2023-03-26T05:47:15.453Z] [iam] checking project wepdo-7bed1 for permissions ["firebase.projects.get"]
[debug] [2023-03-26T05:47:15.453Z] >>> [apiv2][query] POST https://cloudresourcemanager.googleapis.com/v1/projects/wepdo-7bed1:testIamPermissions [none]
[debug] [2023-03-26T05:47:15.453Z] >>> [apiv2][(partial)header] POST https://cloudresourcemanager.googleapis.com/v1/projects/wepdo-7bed1:testIamPermissions x-goog-quota-user=projects/wepdo-7bed1
[debug] [2023-03-26T05:47:15.453Z] >>> [apiv2][body] POST https://cloudresourcemanager.googleapis.com/v1/projects/wepdo-7bed1:testIamPermissions {"permissions":["firebase.projects.get"]}
[debug] [2023-03-26T05:47:16.349Z] <<< [apiv2][status] POST https://cloudresourcemanager.googleapis.com/v1/projects/wepdo-7bed1:testIamPermissions 200
[debug] [2023-03-26T05:47:16.349Z] <<< [apiv2][body] POST https://cloudresourcemanager.googleapis.com/v1/projects/wepdo-7bed1:testIamPermissions {"permissions":["firebase.projects.get"]}
[debug] [2023-03-26T05:47:16.349Z] >>> [apiv2][query] GET https://serviceusage.googleapis.com/v1/projects/wepdo-7bed1/services/cloudfunctions.googleapis.com [none]
[debug] [2023-03-26T05:47:16.349Z] >>> [apiv2][(partial)header] GET https://serviceusage.googleapis.com/v1/projects/wepdo-7bed1/services/cloudfunctions.googleapis.com x-goog-quota-user=projects/wepdo-7bed1
[debug] [2023-03-26T05:47:16.350Z] >>> [apiv2][query] GET https://serviceusage.googleapis.com/v1/projects/wepdo-7bed1/services/runtimeconfig.googleapis.com [none]
[debug] [2023-03-26T05:47:16.350Z] >>> [apiv2][(partial)header] GET https://serviceusage.googleapis.com/v1/projects/wepdo-7bed1/services/runtimeconfig.googleapis.com x-goog-quota-user=projects/wepdo-7bed1
[debug] [2023-03-26T05:47:17.529Z] <<< [apiv2][status] GET https://serviceusage.googleapis.com/v1/projects/wepdo-7bed1/services/cloudfunctions.googleapis.com 200
[debug] [2023-03-26T05:47:17.529Z] <<< [apiv2][body] GET https://serviceusage.googleapis.com/v1/projects/wepdo-7bed1/services/cloudfunctions.googleapis.com [omitted]
[debug] [2023-03-26T05:47:17.529Z] >>> [apiv2][query] POST https://serviceusage.googleapis.com/v1/projects/wepdo-7bed1/services/cloudfunctions.googleapis.com:enable [none]
[debug] [2023-03-26T05:47:17.529Z] >>> [apiv2][(partial)header] POST https://serviceusage.googleapis.com/v1/projects/wepdo-7bed1/services/cloudfunctions.googleapis.com:enable x-goog-quota-user=projects/wepdo-7bed1
[debug] [2023-03-26T05:47:17.624Z] <<< [apiv2][status] GET https://serviceusage.googleapis.com/v1/projects/wepdo-7bed1/services/runtimeconfig.googleapis.com 200
[debug] [2023-03-26T05:47:17.624Z] <<< [apiv2][body] GET https://serviceusage.googleapis.com/v1/projects/wepdo-7bed1/services/runtimeconfig.googleapis.com [omitted]
[debug] [2023-03-26T05:47:18.132Z] <<< [apiv2][status] POST https://serviceusage.googleapis.com/v1/projects/wepdo-7bed1/services/cloudfunctions.googleapis.com:enable 200
[debug] [2023-03-26T05:47:18.132Z] <<< [apiv2][body] POST https://serviceusage.googleapis.com/v1/projects/wepdo-7bed1/services/cloudfunctions.googleapis.com:enable [omitted]
[debug] [2023-03-26T05:47:28.140Z] >>> [apiv2][query] GET https://serviceusage.googleapis.com/v1/projects/wepdo-7bed1/services/cloudfunctions.googleapis.com [none]
[debug] [2023-03-26T05:47:28.140Z] >>> [apiv2][(partial)header] GET https://serviceusage.googleapis.com/v1/projects/wepdo-7bed1/services/cloudfunctions.googleapis.com x-goog-quota-user=projects/wepdo-7bed1
[debug] [2023-03-26T05:47:29.323Z] <<< [apiv2][status] GET https://serviceusage.googleapis.com/v1/projects/wepdo-7bed1/services/cloudfunctions.googleapis.com 200
[debug] [2023-03-26T05:47:29.323Z] <<< [apiv2][body] GET https://serviceusage.googleapis.com/v1/projects/wepdo-7bed1/services/cloudfunctions.googleapis.com [omitted]
[info] Let's create a new codebase for your functions.
[info] A directory corresponding to the codebase will be created in your project
[info] with sample code pre-configured.

[info] See https://firebase.google.com/docs/functions/organize-functions for
[info] more information on organizing your functions using codebases.

[info] Functions can be deployed with firebase deploy.

[info] +  Wrote functions/package.json 
[info] +  Wrote functions/.eslintrc.js 
[info] +  Wrote functions/index.js 
[info] +  Wrote functions/.gitignore 
[info] 
=== Hosting Setup
[info] 
[info] Your public directory is the folder (relative to your project directory) that
[info] will contain Hosting assets to be uploaded with firebase deploy. If you
[info] have a build process for your assets, use your build's output directory.
[info] 
